<?xml version="1.0" encoding="UTF-8" ?>
<testsuite tests="1" failures="0" name="com.boss.xtrain.util.bean.BeanUtilTest" time="0.169" errors="0" skipped="0">
  <properties>
    <property name="java.runtime.name" value="Java(TM) SE Runtime Environment"/>
    <property name="sun.boot.library.path" value="C:\Program Files\Java\jdk1.8.0_201\jre\bin"/>
    <property name="java.vm.version" value="25.201-b09"/>
    <property name="java.vm.vendor" value="Oracle Corporation"/>
    <property name="maven.multiModuleProjectDirectory" value="D:\Code\Grade_3\boss-xtrain-common\boss-xtrain-util"/>
    <property name="java.vendor.url" value="http://java.oracle.com/"/>
    <property name="path.separator" value=";"/>
    <property name="guice.disable.misplaced.annotation.check" value="true"/>
    <property name="java.vm.name" value="Java HotSpot(TM) 64-Bit Server VM"/>
    <property name="file.encoding.pkg" value="sun.io"/>
    <property name="user.script" value=""/>
    <property name="user.country" value="CN"/>
    <property name="sun.java.launcher" value="SUN_STANDARD"/>
    <property name="sun.os.patch.level" value=""/>
    <property name="java.vm.specification.name" value="Java Virtual Machine Specification"/>
    <property name="user.dir" value="D:\Code\Grade_3\boss-xtrain-common\boss-xtrain-util"/>
    <property name="java.runtime.version" value="1.8.0_201-b09"/>
    <property name="java.awt.graphicsenv" value="sun.awt.Win32GraphicsEnvironment"/>
    <property name="java.endorsed.dirs" value="C:\Program Files\Java\jdk1.8.0_201\jre\lib\endorsed"/>
    <property name="os.arch" value="amd64"/>
    <property name="java.io.tmpdir" value="C:\Users\管理员\AppData\Local\Temp\"/>
    <property name="line.separator" value="
"/>
    <property name="java.vm.specification.vendor" value="Oracle Corporation"/>
    <property name="user.variant" value=""/>
    <property name="os.name" value="Windows 10"/>
    <property name="maven.ext.class.path" value="D:\Tools\IntelliJ IDEA 2020.1.1\plugins\maven\lib\maven-event-listener.jar"/>
    <property name="archetypeCatalog" value="internal"/>
    <property name="classworlds.conf" value="D:\Tools\apache-maven-3.6.1\bin\m2.conf"/>
    <property name="sun.jnu.encoding" value="GBK"/>
    <property name="java.library.path" value="C:\Program Files\Java\jdk1.8.0_201\bin;C:\WINDOWS\Sun\Java\bin;C:\WINDOWS\system32;C:\WINDOWS;C:\Program Files\Common Files\Siemens\Automation\Simatic OAM\bin;D:\Tools\python 3.7\Scripts\;D:\Tools\python 3.7\;C:\Users\管理员\AppData\Local\Programs\Python\Python37-32\Scripts\;C:\Users\管理员\AppData\Local\Programs\Python\Python37-32\;C:;Users\管理员\AppData\Local\Programs\Python\Python37-32\;D:;Program Files (x86)\Python\Scripts\;D:\Program Files (x86)\Python\;C:\windows\system32;C:\windows;C:\windows\System32\Wbem;C:\windows\System32\WindowsPowerShell\v1.0\;C:\windows\System32\OpenSSH\;C:\Program Files (x86)\NVIDIA Corporation\PhysX\Common;D:\Tools\Tomcat 9.0\lib;D:\Tools\Tomcat 9.0\bin;%MAVEN_HOME%\bin;D:\Tools\Git\cmd;C:\ProgramData\chocolatey\bin;D:\Tools\PuTTY\;c:\Program Files (x86)\Microsoft SQL Server\100\Tools\Binn\;c:\Program Files\Microsoft SQL Server\100\Tools\Binn\;c:\Program Files\Microsoft SQL Server\100\DTS\Binn\;C:\Program Files\Java\jdk1.8.0_201\bin;C:\Program Files\Java\jdk1.8.0_201\jre\bin;C:\WINDOWS\system32;C:\WINDOWS;C:\WINDOWS\System32\Wbem;C:\WINDOWS\System32\WindowsPowerShell\v1.0\;C:\WINDOWS\System32\OpenSSH\;D:\Tools\wildfly-17.0.0.Final\bin;D:\Tools\nodejs\;D:\Tools\JAD;D:\Tools\TortoiseSVN\bin;D:\Tools\TortoiseSVN 1.6\bin;D:\Tools\Redis;D:\Tools\erl10.0.1\bin;D:\Tools\rabbitmq_server-3.8.5\sbin;D:\Tools\python\Scripts\;D:\Tools\python\;C:\Users\管理员\AppData\Local\Programs\Python\Python36\Scripts\;C:\Users\管理员\AppData\Local\Programs\Python\Python36\;C:\Users\管理员\AppData\Local\Microsoft\WindowsApps;D:\Tools\Microsoft VS Code\bin;D:\Tools\JetBrains\IntelliJ IDEA Community Edition 2019.1\bin;D:\Tools\MinGW\bin;D:\tools\apache-maven-3.6.1\bin;;D:\Tools\IntelliJ IDEA 2020.1.1\bin;;C:\Users\管理员\AppData\Local\Microsoft\WindowsApps;D:\Tools\WebStorm 2020.1\bin;;C:\Users\管理员\AppData\Roaming\npm;."/>
    <property name="maven.conf" value="D:\Tools\apache-maven-3.6.1/conf"/>
    <property name="java.specification.name" value="Java Platform API Specification"/>
    <property name="java.class.version" value="52.0"/>
    <property name="sun.management.compiler" value="HotSpot 64-Bit Tiered Compilers"/>
    <property name="maven.repo.local" value="D:\Tools\maven_local_repository"/>
    <property name="os.version" value="10.0"/>
    <property name="user.home" value="C:\Users\管理员"/>
    <property name="user.timezone" value="Asia/Shanghai"/>
    <property name="java.awt.printerjob" value="sun.awt.windows.WPrinterJob"/>
    <property name="java.specification.version" value="1.8"/>
    <property name="file.encoding" value="UTF-8"/>
    <property name="user.name" value="Admin"/>
    <property name="java.class.path" value="D:\Tools\apache-maven-3.6.1\boot\plexus-classworlds-2.6.0.jar;D:\Tools\IntelliJ IDEA 2020.1.1\lib\idea_rt.jar"/>
    <property name="java.vm.specification.version" value="1.8"/>
    <property name="sun.arch.data.model" value="64"/>
    <property name="java.home" value="C:\Program Files\Java\jdk1.8.0_201\jre"/>
    <property name="sun.java.command" value="org.codehaus.classworlds.Launcher -Didea.version2020.1.2 -s D:\Tools\apache-maven-3.6.1\conf\settings.xml -Dmaven.repo.local=D:\Tools\maven_local_repository install"/>
    <property name="java.specification.vendor" value="Oracle Corporation"/>
    <property name="user.language" value="zh"/>
    <property name="idea.version2020.1.2" value="true"/>
    <property name="awt.toolkit" value="sun.awt.windows.WToolkit"/>
    <property name="java.vm.info" value="mixed mode"/>
    <property name="java.version" value="1.8.0_201"/>
    <property name="java.ext.dirs" value="C:\Program Files\Java\jdk1.8.0_201\jre\lib\ext;C:\WINDOWS\Sun\Java\lib\ext"/>
    <property name="sun.boot.class.path" value="C:\Program Files\Java\jdk1.8.0_201\jre\lib\resources.jar;C:\Program Files\Java\jdk1.8.0_201\jre\lib\rt.jar;C:\Program Files\Java\jdk1.8.0_201\jre\lib\sunrsasign.jar;C:\Program Files\Java\jdk1.8.0_201\jre\lib\jsse.jar;C:\Program Files\Java\jdk1.8.0_201\jre\lib\jce.jar;C:\Program Files\Java\jdk1.8.0_201\jre\lib\charsets.jar;C:\Program Files\Java\jdk1.8.0_201\jre\lib\jfr.jar;C:\Program Files\Java\jdk1.8.0_201\jre\classes"/>
    <property name="java.vendor" value="Oracle Corporation"/>
    <property name="maven.home" value="D:\Tools\apache-maven-3.6.1"/>
    <property name="file.separator" value="\"/>
    <property name="java.vendor.url.bug" value="http://bugreport.sun.com/bugreport/"/>
    <property name="sun.cpu.endian" value="little"/>
    <property name="sun.io.unicode.encoding" value="UnicodeLittle"/>
    <property name="sun.desktop" value="windows"/>
    <property name="sun.cpu.isalist" value="amd64"/>
  </properties>
  <testcase classname="com.boss.xtrain.util.bean.BeanUtilTest" name="copyProperties" time="0.169"/>
</testsuite>